(---------------------------------------------------------------------)
(                                                                     )
(    Create_devices LOG file                                          )
(                                                                     )
(    Drawing          : avrusb500.brd                                 )
(    Software Version : 16.6S034                                      )
(    Date/Time        : Thu Jul 18 11:23:16 2019                      )
(                                                                     )
(---------------------------------------------------------------------)



Device file 'C:/Users/user/Desktop/avrusb500_r02/avrusb500_r02/Allegro/symbols/capacitornon-pol_cpcyl1d225l.txt': written successfully.
Device file 'C:/Users/user/Desktop/avrusb500_r02/avrusb500_r02/Allegro/symbols/capacitornon-pol_cpcyl1d225l__1.txt': written successfully.
Device file 'C:/Users/user/Desktop/avrusb500_r02/avrusb500_r02/Allegro/symbols/capacitornon-pol_cpcyl1d225l__2.txt': written successfully.
Device file 'C:/Users/user/Desktop/avrusb500_r02/avrusb500_r02/Allegro/symbols/capacitornon-pol_cpcyl1d225l__3.txt': written successfully.
Device file 'C:/Users/user/Desktop/avrusb500_r02/avrusb500_r02/Allegro/symbols/capacitorpol_cpcyl1d225ls100.txt': written successfully.
Device file 'C:/Users/user/Desktop/avrusb500_r02/avrusb500_r02/Allegro/symbols/led_cyld250ls125031_led_.txt': written successfully.
Device file 'C:/Users/user/Desktop/avrusb500_r02/avrusb500_r02/Allegro/symbols/atmega8-dil28_1_quad80m32wg9.txt': written successfully.
Device file 'C:/Users/user/Desktop/avrusb500_r02/avrusb500_r02/Allegro/symbols/con5_blkcon100vhtm1sqsw1005_.txt': written successfully.
Device file 'C:/Users/user/Desktop/avrusb500_r02/avrusb500_r02/Allegro/symbols/con4_6_usbminib_usba_.txt': written successfully.
Device file 'C:/Users/user/Desktop/avrusb500_r02/avrusb500_r02/Allegro/symbols/con5_blkcon100vhtm1sqsw1005___1.txt': written successfully.
Device file 'C:/Users/user/Desktop/avrusb500_r02/avrusb500_r02/Allegro/symbols/con5_blkcon100vhtm1sqsw1005___2.txt': written successfully.
Device file 'C:/Users/user/Desktop/avrusb500_r02/avrusb500_r02/Allegro/symbols/r_ax400x100031_470_smdres.txt': written successfully.
Device file 'C:/Users/user/Desktop/avrusb500_r02/avrusb500_r02/Allegro/symbols/r_ax400x100031_1k_smdres.txt': written successfully.
Device file 'C:/Users/user/Desktop/avrusb500_r02/avrusb500_r02/Allegro/symbols/r_ax400x100031_220_smdres.txt': written successfully.
Device file 'C:/Users/user/Desktop/avrusb500_r02/avrusb500_r02/Allegro/symbols/r_ax400x100031_27_smdres.txt': written successfully.
Device file 'C:/Users/user/Desktop/avrusb500_r02/avrusb500_r02/Allegro/symbols/r_ax400x100031_15k_smdres.txt': written successfully.
Device file 'C:/Users/user/Desktop/avrusb500_r02/avrusb500_r02/Allegro/symbols/r_ax400x100031_22_smdres.txt': written successfully.
Device file 'C:/Users/user/Desktop/avrusb500_r02/avrusb500_r02/Allegro/symbols/r_ax400x100031_10k_smdres.txt': written successfully.
Device file 'C:/Users/user/Desktop/avrusb500_r02/avrusb500_r02/Allegro/symbols/ft232bm_2_quad80m32wg900_ft2.txt': written successfully.
Device file 'C:/Users/user/Desktop/avrusb500_r02/avrusb500_r02/Allegro/symbols/zta_rad450x200ls300031_36864.txt': written successfully.
Device file 'C:/Users/user/Desktop/avrusb500_r02/avrusb500_r02/Allegro/symbols/zta_rad450x200ls300031_6mhz_.txt': written successfully.

  Created device files: 21

